

Started GET "/assets/rails.png" for 172.29.66.214 at 2013-01-26 15:03:09 -0500
Connecting to database specified by database.yml
Served asset /rails.png - 200 OK (5ms)


Started GET "/assets/rails.png" for 172.29.67.125 at 2013-01-26 15:03:13 -0500
Served asset /rails.png - 200 OK (0ms)


Started GET "/assets/rails.png" for 172.29.79.51 at 2013-01-26 15:03:23 -0500
Served asset /rails.png - 200 OK (0ms)


Started GET "/rails/info/properties" for 172.29.79.51 at 2013-01-26 15:59:57 -0500
Connecting to database specified by database.yml
Processing by Rails::InfoController#properties as */*
  Rendered inline template (1.9ms)
Completed 200 OK in 35ms (Views: 34.1ms | ActiveRecord: 0.0ms)


Started GET "/assets/rails.png" for 172.29.79.51 at 2013-01-26 16:00:19 -0500
Served asset /rails.png - 304 Not Modified (3ms)


Started GET "/assets/rails.png" for 172.29.79.51 at 2013-01-26 16:00:21 -0500
Served asset /rails.png - 304 Not Modified (0ms)


Started GET "/assets/rails.png" for 172.29.79.51 at 2013-01-26 16:00:24 -0500
Served asset /rails.png - 304 Not Modified (0ms)


Started GET "/assets/rails.png" for 172.29.79.51 at 2013-01-26 16:00:30 -0500
Served asset /rails.png - 304 Not Modified (0ms)


Started GET "/assets/rails.png" for 172.29.79.51 at 2013-01-26 16:00:50 -0500
Connecting to database specified by database.yml
Served asset /rails.png - 304 Not Modified (2ms)


Started GET "/assets/rails.png" for 172.29.79.51 at 2013-01-26 16:00:51 -0500
Served asset /rails.png - 304 Not Modified (0ms)


Started GET "/assets/rails.png" for 172.29.65.175 at 2013-01-26 16:10:55 -0500
Served asset /rails.png - 200 OK (0ms)


Started GET "/assets/rails.png" for 172.29.66.214 at 2013-01-26 16:41:16 -0500
Served asset /rails.png - 304 Not Modified (0ms)


Started GET "/" for 127.0.0.1 at 2013-01-27 10:20:06 -0500
Connecting to database specified by database.yml

ActionController::RoutingError (No route matches [GET] "/"):
  actionpack (3.2.11) lib/action_dispatch/middleware/debug_exceptions.rb:21:in `call'
  actionpack (3.2.11) lib/action_dispatch/middleware/show_exceptions.rb:56:in `call'
  railties (3.2.11) lib/rails/rack/logger.rb:32:in `call_app'
  railties (3.2.11) lib/rails/rack/logger.rb:16:in `block in call'
  activesupport (3.2.11) lib/active_support/tagged_logging.rb:22:in `tagged'
  railties (3.2.11) lib/rails/rack/logger.rb:16:in `call'
  actionpack (3.2.11) lib/action_dispatch/middleware/request_id.rb:22:in `call'
  rack (1.4.4) lib/rack/methodoverride.rb:21:in `call'
  rack (1.4.4) lib/rack/runtime.rb:17:in `call'
  activesupport (3.2.11) lib/active_support/cache/strategy/local_cache.rb:72:in `call'
  rack (1.4.4) lib/rack/lock.rb:15:in `call'
  actionpack (3.2.11) lib/action_dispatch/middleware/static.rb:62:in `call'
  railties (3.2.11) lib/rails/engine.rb:479:in `call'
  railties (3.2.11) lib/rails/application.rb:223:in `call'
  rack (1.4.4) lib/rack/content_length.rb:14:in `call'
  railties (3.2.11) lib/rails/rack/log_tailer.rb:17:in `call'
  rack (1.4.4) lib/rack/handler/webrick.rb:59:in `service'
  /Users/carlos/.rvm/rubies/ruby-1.9.3-p374/lib/ruby/1.9.1/webrick/httpserver.rb:138:in `service'
  /Users/carlos/.rvm/rubies/ruby-1.9.3-p374/lib/ruby/1.9.1/webrick/httpserver.rb:94:in `run'
  /Users/carlos/.rvm/rubies/ruby-1.9.3-p374/lib/ruby/1.9.1/webrick/server.rb:191:in `block in start_thread'


  Rendered /Users/carlos/.rvm/gems/ruby-1.9.3-p374/gems/actionpack-3.2.11/lib/action_dispatch/middleware/templates/rescues/routing_error.erb within rescues/layout (3.0ms)


Started GET "/" for 127.0.0.1 at 2013-01-27 10:22:05 -0500

ActionController::RoutingError (uninitialized constant WelcomeController):
  activesupport (3.2.11) lib/active_support/inflector/methods.rb:230:in `block in constantize'
  activesupport (3.2.11) lib/active_support/inflector/methods.rb:229:in `each'
  activesupport (3.2.11) lib/active_support/inflector/methods.rb:229:in `constantize'
  actionpack (3.2.11) lib/action_dispatch/routing/route_set.rb:69:in `controller_reference'
  actionpack (3.2.11) lib/action_dispatch/routing/route_set.rb:54:in `controller'
  actionpack (3.2.11) lib/action_dispatch/routing/route_set.rb:32:in `call'
  journey (1.0.4) lib/journey/router.rb:68:in `block in call'
  journey (1.0.4) lib/journey/router.rb:56:in `each'
  journey (1.0.4) lib/journey/router.rb:56:in `call'
  actionpack (3.2.11) lib/action_dispatch/routing/route_set.rb:601:in `call'
  actionpack (3.2.11) lib/action_dispatch/middleware/best_standards_support.rb:17:in `call'
  rack (1.4.4) lib/rack/etag.rb:23:in `call'
  rack (1.4.4) lib/rack/conditionalget.rb:25:in `call'
  actionpack (3.2.11) lib/action_dispatch/middleware/head.rb:14:in `call'
  actionpack (3.2.11) lib/action_dispatch/middleware/params_parser.rb:21:in `call'
  actionpack (3.2.11) lib/action_dispatch/middleware/flash.rb:242:in `call'
  rack (1.4.4) lib/rack/session/abstract/id.rb:210:in `context'
  rack (1.4.4) lib/rack/session/abstract/id.rb:205:in `call'
  actionpack (3.2.11) lib/action_dispatch/middleware/cookies.rb:341:in `call'
  activerecord (3.2.11) lib/active_record/query_cache.rb:64:in `call'
  activerecord (3.2.11) lib/active_record/connection_adapters/abstract/connection_pool.rb:479:in `call'
  actionpack (3.2.11) lib/action_dispatch/middleware/callbacks.rb:28:in `block in call'
  activesupport (3.2.11) lib/active_support/callbacks.rb:405:in `_run__4213037359956110418__call__3485565926972540512__callbacks'
  activesupport (3.2.11) lib/active_support/callbacks.rb:405:in `__run_callback'
  activesupport (3.2.11) lib/active_support/callbacks.rb:385:in `_run_call_callbacks'
  activesupport (3.2.11) lib/active_support/callbacks.rb:81:in `run_callbacks'
  actionpack (3.2.11) lib/action_dispatch/middleware/callbacks.rb:27:in `call'
  actionpack (3.2.11) lib/action_dispatch/middleware/reloader.rb:65:in `call'
  actionpack (3.2.11) lib/action_dispatch/middleware/remote_ip.rb:31:in `call'
  actionpack (3.2.11) lib/action_dispatch/middleware/debug_exceptions.rb:16:in `call'
  actionpack (3.2.11) lib/action_dispatch/middleware/show_exceptions.rb:56:in `call'
  railties (3.2.11) lib/rails/rack/logger.rb:32:in `call_app'
  railties (3.2.11) lib/rails/rack/logger.rb:16:in `block in call'
  activesupport (3.2.11) lib/active_support/tagged_logging.rb:22:in `tagged'
  railties (3.2.11) lib/rails/rack/logger.rb:16:in `call'
  actionpack (3.2.11) lib/action_dispatch/middleware/request_id.rb:22:in `call'
  rack (1.4.4) lib/rack/methodoverride.rb:21:in `call'
  rack (1.4.4) lib/rack/runtime.rb:17:in `call'
  activesupport (3.2.11) lib/active_support/cache/strategy/local_cache.rb:72:in `call'
  rack (1.4.4) lib/rack/lock.rb:15:in `call'
  actionpack (3.2.11) lib/action_dispatch/middleware/static.rb:62:in `call'
  railties (3.2.11) lib/rails/engine.rb:479:in `call'
  railties (3.2.11) lib/rails/application.rb:223:in `call'
  rack (1.4.4) lib/rack/content_length.rb:14:in `call'
  railties (3.2.11) lib/rails/rack/log_tailer.rb:17:in `call'
  rack (1.4.4) lib/rack/handler/webrick.rb:59:in `service'
  /Users/carlos/.rvm/rubies/ruby-1.9.3-p374/lib/ruby/1.9.1/webrick/httpserver.rb:138:in `service'
  /Users/carlos/.rvm/rubies/ruby-1.9.3-p374/lib/ruby/1.9.1/webrick/httpserver.rb:94:in `run'
  /Users/carlos/.rvm/rubies/ruby-1.9.3-p374/lib/ruby/1.9.1/webrick/server.rb:191:in `block in start_thread'


  Rendered /Users/carlos/.rvm/gems/ruby-1.9.3-p374/gems/actionpack-3.2.11/lib/action_dispatch/middleware/templates/rescues/routing_error.erb within rescues/layout (0.8ms)


Started GET "/" for 127.0.0.1 at 2013-01-27 10:29:03 -0500
Processing by HomeController#index as HTML
  Rendered home/index.html.erb within layouts/application (0.3ms)
Compiled home.css  (7ms)  (pid 29630)
Compiled application.css  (15ms)  (pid 29630)
Compiled jquery.js  (2ms)  (pid 29630)
Compiled jquery_ujs.js  (0ms)  (pid 29630)
Compiled home.js  (224ms)  (pid 29630)
Compiled application.js  (293ms)  (pid 29630)
Completed 200 OK in 396ms (Views: 395.7ms | ActiveRecord: 0.0ms)


Started GET "/assets/application.css?body=1" for 127.0.0.1 at 2013-01-27 10:29:04 -0500
Served asset /application.css - 200 OK (3ms)


Started GET "/assets/home.css?body=1" for 127.0.0.1 at 2013-01-27 10:29:04 -0500
Served asset /home.css - 200 OK (1ms)


Started GET "/assets/jquery_ujs.js?body=1" for 127.0.0.1 at 2013-01-27 10:29:04 -0500
Served asset /jquery_ujs.js - 200 OK (2ms)


Started GET "/assets/application.js?body=1" for 127.0.0.1 at 2013-01-27 10:29:04 -0500
Served asset /application.js - 200 OK (4ms)


Started GET "/assets/jquery.js?body=1" for 127.0.0.1 at 2013-01-27 10:29:04 -0500
Served asset /jquery.js - 200 OK (2ms)


Started GET "/assets/home.js?body=1" for 127.0.0.1 at 2013-01-27 10:29:04 -0500
Served asset /home.js - 200 OK (2ms)


Started GET "/" for 172.29.67.125 at 2013-01-27 11:55:25 -0500
Processing by HomeController#index as HTML
  Rendered home/index.html.erb within layouts/application (0.1ms)
Completed 200 OK in 5ms (Views: 4.8ms | ActiveRecord: 0.0ms)


Started GET "/assets/application.css?body=1" for 172.29.67.125 at 2013-01-27 11:55:26 -0500
Served asset /application.css - 200 OK (0ms)


Started GET "/assets/home.css?body=1" for 172.29.67.125 at 2013-01-27 11:55:26 -0500
Served asset /home.css - 200 OK (0ms)


Started GET "/assets/jquery.js?body=1" for 172.29.67.125 at 2013-01-27 11:55:26 -0500
Served asset /jquery.js - 200 OK (0ms)


Started GET "/assets/home.js?body=1" for 172.29.67.125 at 2013-01-27 11:55:26 -0500
Served asset /home.js - 200 OK (0ms)


Started GET "/assets/jquery_ujs.js?body=1" for 172.29.67.125 at 2013-01-27 11:55:26 -0500
Served asset /jquery_ujs.js - 200 OK (0ms)


Started GET "/assets/application.js?body=1" for 172.29.67.125 at 2013-01-27 11:55:26 -0500
Served asset /application.js - 200 OK (0ms)
Connecting to database specified by database.yml
Connecting to database specified by database.yml
Connecting to database specified by database.yml
Connecting to database specified by database.yml
Connecting to database specified by database.yml
Connecting to database specified by database.yml
  [1m[36m (0.1ms)[0m  [1mselect sqlite_version(*)[0m
  [1m[35m (1.8ms)[0m  CREATE TABLE "schema_migrations" ("version" varchar(255) NOT NULL) 
  [1m[36m (1.0ms)[0m  [1mCREATE UNIQUE INDEX "unique_schema_migrations" ON "schema_migrations" ("version")[0m
  [1m[35m (1.2ms)[0m  SELECT "schema_migrations"."version" FROM "schema_migrations" 
Migrating to CreatePeople (20130127170140)
  [1m[36m (0.0ms)[0m  [1mbegin transaction[0m
  [1m[35m (0.5ms)[0m  CREATE TABLE "people" ("id" INTEGER PRIMARY KEY AUTOINCREMENT NOT NULL, "first_name" varchar(255), "last_name" varchar(255), "DOB" date, "taken_country" varchar(255), "taken_city" varchar(255), "citizenship_status" varchar(255), "mobile" text, "current_address" integer, "created_at" datetime NOT NULL, "updated_at" datetime NOT NULL) 
  [1m[36m (0.1ms)[0m  [1mINSERT INTO "schema_migrations" ("version") VALUES ('20130127170140')[0m
  [1m[35m (1.2ms)[0m  commit transaction
Migrating to CreateAddresses (20130127170154)
  [1m[36m (0.0ms)[0m  [1mbegin transaction[0m
  [1m[35m (0.4ms)[0m  CREATE TABLE "addresses" ("id" INTEGER PRIMARY KEY AUTOINCREMENT NOT NULL, "person" integer, "street_1" varchar(255), "street_2" varchar(255), "city" varchar(255), "region" varchar(255), "code" varchar(255), "country" varchar(255), "created_at" datetime NOT NULL, "updated_at" datetime NOT NULL) 
  [1m[36m (0.2ms)[0m  [1mINSERT INTO "schema_migrations" ("version") VALUES ('20130127170154')[0m
  [1m[35m (0.8ms)[0m  commit transaction
Migrating to CreateDescriptiveAddresses (20130127170211)
  [1m[36m (0.0ms)[0m  [1mbegin transaction[0m
  [1m[35m (0.6ms)[0m  CREATE TABLE "descriptive_addresses" ("id" INTEGER PRIMARY KEY AUTOINCREMENT NOT NULL, "person" integer, "country" varchar(255), "created_at" datetime NOT NULL, "updated_at" datetime NOT NULL) 
  [1m[36m (0.1ms)[0m  [1mINSERT INTO "schema_migrations" ("version") VALUES ('20130127170211')[0m
  [1m[35m (0.8ms)[0m  commit transaction
Migrating to CreateGeocodeAddresses (20130127170228)
  [1m[36m (0.0ms)[0m  [1mbegin transaction[0m
  [1m[35m (0.6ms)[0m  CREATE TABLE "geocode_addresses" ("id" INTEGER PRIMARY KEY AUTOINCREMENT NOT NULL, "person" integer, "lat" varchar(255), "long" varchar(255), "created_at" datetime NOT NULL, "updated_at" datetime NOT NULL) 
  [1m[36m (0.1ms)[0m  [1mINSERT INTO "schema_migrations" ("version") VALUES ('20130127170228')[0m
  [1m[35m (0.9ms)[0m  commit transaction
Migrating to CreateContacts (20130127170238)
  [1m[36m (0.0ms)[0m  [1mbegin transaction[0m
  [1m[35m (0.4ms)[0m  CREATE TABLE "contacts" ("id" INTEGER PRIMARY KEY AUTOINCREMENT NOT NULL, "person" integer, "first_name" varchar(255), "last_name" varchar(255), "mobile" text, "landline" text, "email" text, "relationship" text, "trusted" boolean, "authorized" boolean, "created_at" datetime NOT NULL, "updated_at" datetime NOT NULL) 
  [1m[36m (0.1ms)[0m  [1mINSERT INTO "schema_migrations" ("version") VALUES ('20130127170238')[0m
  [1m[35m (1.3ms)[0m  commit transaction
  [1m[36m (0.1ms)[0m  [1mSELECT "schema_migrations"."version" FROM "schema_migrations" [0m
